{"uuid":"1165ff52-8c1d-4348-96bf-bd37f27bc0db","historyId":"bab698596958b68f1825532213bfe5e8","labels":[{"name":"feature","value":"Google Translate Tests"},{"name":"story","value":"Check the number of characters entered"},{"name":"host","value":"EPUAVINW0328"},{"name":"package","value":"Google Translate Tests"},{"name":"suite","value":"Google Translate Tests"},{"name":"testClass","value":"Check the number of characters entered"},{"name":"thread","value":"21712@EPUAVINW0328.main(1)"}],"links":[],"name":"Check the number of characters entered","status":"failed","statusDetails":{"known":false,"muted":false,"flaky":false,"message":"io.github.bonigarcia.wdm.WebDriverManagerException: MicrosoftWebDriver.exe should be installed in an elevated command prompt executing: dism /Online /Add-Capability /CapabilityName:Microsoft.WebDriver~~~~0.0.1.0","trace":"io.github.bonigarcia.wdm.WebDriverManagerException: io.github.bonigarcia.wdm.WebDriverManagerException: MicrosoftWebDriver.exe should be installed in an elevated command prompt executing: dism /Online /Add-Capability /CapabilityName:Microsoft.WebDriver~~~~0.0.1.0\r\n\tat io.github.bonigarcia.wdm.WebDriverManager.handleException(WebDriverManager.java:689)\r\n\tat io.github.bonigarcia.wdm.WebDriverManager.manage(WebDriverManager.java:521)\r\n\tat io.github.bonigarcia.wdm.WebDriverManager.setup(WebDriverManager.java:251)\r\n\tat utils.DriverManager.<init>(DriverManager.java:32)\r\n\tat utils.DriverManager.getDriver(DriverManager.java:41)\r\n\tat pageObjects.AbstractClass.<init>(AbstractClass.java:8)\r\n\tat pageObjects.GoogleTranslatePage.<init>(GoogleTranslatePage.java:9)\r\n\tat cucumberTests.GoogleTranslateDefinition.the_user_is_on_the_google_translate_page(GoogleTranslateDefinition.java:13)\r\n\tat ✽.the user is on the google translate page(src/test/resources/Cucumber.feature:10)\r\nCaused by: io.github.bonigarcia.wdm.WebDriverManagerException: MicrosoftWebDriver.exe should be installed in an elevated command prompt executing: dism /Online /Add-Capability /CapabilityName:Microsoft.WebDriver~~~~0.0.1.0\r\n\tat io.github.bonigarcia.wdm.WebDriverManager.checkInsiderVersion(WebDriverManager.java:573)\r\n\tat io.github.bonigarcia.wdm.WebDriverManager.manage(WebDriverManager.java:480)\r\n\tat io.github.bonigarcia.wdm.WebDriverManager.setup(WebDriverManager.java:251)\r\n\tat utils.DriverManager.<init>(DriverManager.java:32)\r\n\tat utils.DriverManager.getDriver(DriverManager.java:41)\r\n\tat pageObjects.AbstractClass.<init>(AbstractClass.java:8)\r\n\tat pageObjects.GoogleTranslatePage.<init>(GoogleTranslatePage.java:9)\r\n\tat cucumberTests.GoogleTranslateDefinition.the_user_is_on_the_google_translate_page(GoogleTranslateDefinition.java:13)\r\n\tat sun.reflect.NativeMethodAccessorImpl.invoke0(Native Method)\r\n\tat sun.reflect.NativeMethodAccessorImpl.invoke(NativeMethodAccessorImpl.java:62)\r\n\tat sun.reflect.DelegatingMethodAccessorImpl.invoke(DelegatingMethodAccessorImpl.java:43)\r\n\tat java.lang.reflect.Method.invoke(Method.java:498)\r\n\tat cucumber.runtime.Utils$1.call(Utils.java:26)\r\n\tat cucumber.runtime.Timeout.timeout(Timeout.java:16)\r\n\tat cucumber.runtime.Utils.invoke(Utils.java:20)\r\n\tat cucumber.runtime.java.JavaStepDefinition.execute(JavaStepDefinition.java:48)\r\n\tat cucumber.runtime.PickleStepDefinitionMatch.runStep(PickleStepDefinitionMatch.java:50)\r\n\tat cucumber.runner.TestStep.executeStep(TestStep.java:55)\r\n\tat cucumber.runner.TestStep.run(TestStep.java:42)\r\n\tat cucumber.runner.PickleStepTestStep.run(PickleStepTestStep.java:53)\r\n\tat cucumber.runner.TestCase.run(TestCase.java:47)\r\n\tat cucumber.runner.Runner.runPickle(Runner.java:44)\r\n\tat cucumber.runtime.junit.PickleRunners$NoStepDescriptions.run(PickleRunners.java:140)\r\n\tat cucumber.runtime.junit.FeatureRunner.runChild(FeatureRunner.java:68)\r\n\tat cucumber.runtime.junit.FeatureRunner.runChild(FeatureRunner.java:23)\r\n\tat org.junit.runners.ParentRunner$3.run(ParentRunner.java:290)\r\n\tat org.junit.runners.ParentRunner$1.schedule(ParentRunner.java:71)\r\n\tat org.junit.runners.ParentRunner.runChildren(ParentRunner.java:288)\r\n\tat org.junit.runners.ParentRunner.access$000(ParentRunner.java:58)\r\n\tat org.junit.runners.ParentRunner$2.evaluate(ParentRunner.java:268)\r\n\tat org.junit.runners.ParentRunner.run(ParentRunner.java:363)\r\n\tat cucumber.runtime.junit.FeatureRunner.run(FeatureRunner.java:73)\r\n\tat cucumber.api.junit.Cucumber.runChild(Cucumber.java:98)\r\n\tat cucumber.api.junit.Cucumber.runChild(Cucumber.java:55)\r\n\tat org.junit.runners.ParentRunner$3.run(ParentRunner.java:290)\r\n\tat org.junit.runners.ParentRunner$1.schedule(ParentRunner.java:71)\r\n\tat org.junit.runners.ParentRunner.runChildren(ParentRunner.java:288)\r\n\tat org.junit.runners.ParentRunner.access$000(ParentRunner.java:58)\r\n\tat org.junit.runners.ParentRunner$2.evaluate(ParentRunner.java:268)\r\n\tat cucumber.api.junit.Cucumber$1.evaluate(Cucumber.java:107)\r\n\tat org.junit.runners.ParentRunner.run(ParentRunner.java:363)\r\n\tat org.junit.runner.JUnitCore.run(JUnitCore.java:137)\r\n\tat com.intellij.junit4.JUnit4IdeaTestRunner.startRunnerWithArgs(JUnit4IdeaTestRunner.java:68)\r\n\tat com.intellij.rt.execution.junit.IdeaTestRunner$Repeater.startRunnerWithArgs(IdeaTestRunner.java:47)\r\n\tat com.intellij.rt.execution.junit.JUnitStarter.prepareStreamsAndStart(JUnitStarter.java:242)\r\n\tat com.intellij.rt.execution.junit.JUnitStarter.main(JUnitStarter.java:70)\r\n"},"stage":"finished","start":1568128182588,"stop":1568128183632,"steps":[{"name":"Given  the user is on the google translate page","status":"failed","stage":"finished","start":1568128182594,"stop":1568128183625},{"name":"And  selected languages from 'английский' to 'украинский'","status":"skipped","stage":"finished","start":1568128183629,"stop":1568128183629},{"name":"When  the user looks up the translation of the word 'apple'","status":"skipped","stage":"finished","start":1568128183630,"stop":1568128183630},{"name":"Then  number of characters must be '5'.","status":"skipped","stage":"finished","start":1568128183631,"stop":1568128183631}]}