{"uuid":"13262397-d9ab-40c5-bb0d-68e419a17b4f","historyId":"b58a569ef455fcf9a4ee029a2394bd7d","labels":[{"name":"feature","value":"Google Translate Tests"},{"name":"story","value":"Looking up the translation of 'apple'"},{"name":"host","value":"EPUAVINW0328"},{"name":"package","value":"Google Translate Tests"},{"name":"suite","value":"Google Translate Tests"},{"name":"testClass","value":"Looking up the translation of 'apple'"},{"name":"thread","value":"15520@EPUAVINW0328.main(1)"}],"links":[],"name":"Looking up the translation of 'apple'","status":"failed","statusDetails":{"known":false,"muted":false,"flaky":false,"message":"Failed to instantiate class cucumberTests.GoogleTranslateDefinition","trace":"cucumber.runtime.CucumberException: Failed to instantiate class cucumberTests.GoogleTranslateDefinition\r\n\tat cucumber.runtime.java.DefaultJavaObjectFactory.cacheNewInstance(DefaultJavaObjectFactory.java:47)\r\n\tat cucumber.runtime.java.DefaultJavaObjectFactory.getInstance(DefaultJavaObjectFactory.java:33)\r\n\tat cucumber.runtime.java.JavaStepDefinition.execute(JavaStepDefinition.java:48)\r\n\tat cucumber.runtime.PickleStepDefinitionMatch.runStep(PickleStepDefinitionMatch.java:50)\r\n\tat cucumber.runner.TestStep.executeStep(TestStep.java:55)\r\n\tat cucumber.runner.TestStep.run(TestStep.java:42)\r\n\tat cucumber.runner.PickleStepTestStep.run(PickleStepTestStep.java:53)\r\n\tat cucumber.runner.TestCase.run(TestCase.java:47)\r\n\tat cucumber.runner.Runner.runPickle(Runner.java:44)\r\n\tat cucumber.runtime.junit.PickleRunners$NoStepDescriptions.run(PickleRunners.java:140)\r\n\tat cucumber.runtime.junit.FeatureRunner.runChild(FeatureRunner.java:68)\r\n\tat cucumber.runtime.junit.FeatureRunner.runChild(FeatureRunner.java:23)\r\n\tat org.junit.runners.ParentRunner$4.run(ParentRunner.java:330)\r\n\tat org.junit.runners.ParentRunner$1.schedule(ParentRunner.java:78)\r\n\tat org.junit.runners.ParentRunner.runChildren(ParentRunner.java:328)\r\n\tat org.junit.runners.ParentRunner.access$100(ParentRunner.java:65)\r\n\tat org.junit.runners.ParentRunner$2.evaluate(ParentRunner.java:292)\r\n\tat org.junit.runners.ParentRunner$3.evaluate(ParentRunner.java:305)\r\n\tat org.junit.runners.ParentRunner.run(ParentRunner.java:412)\r\n\tat cucumber.runtime.junit.FeatureRunner.run(FeatureRunner.java:73)\r\n\tat cucumber.api.junit.Cucumber.runChild(Cucumber.java:98)\r\n\tat cucumber.api.junit.Cucumber.runChild(Cucumber.java:55)\r\n\tat org.junit.runners.ParentRunner$4.run(ParentRunner.java:330)\r\n\tat org.junit.runners.ParentRunner$1.schedule(ParentRunner.java:78)\r\n\tat org.junit.runners.ParentRunner.runChildren(ParentRunner.java:328)\r\n\tat org.junit.runners.ParentRunner.access$100(ParentRunner.java:65)\r\n\tat org.junit.runners.ParentRunner$2.evaluate(ParentRunner.java:292)\r\n\tat cucumber.api.junit.Cucumber$1.evaluate(Cucumber.java:107)\r\n\tat org.junit.runners.ParentRunner$3.evaluate(ParentRunner.java:305)\r\n\tat org.junit.runners.ParentRunner.run(ParentRunner.java:412)\r\n\tat org.junit.runner.JUnitCore.run(JUnitCore.java:137)\r\n\tat com.intellij.junit4.JUnit4IdeaTestRunner.startRunnerWithArgs(JUnit4IdeaTestRunner.java:68)\r\n\tat com.intellij.rt.execution.junit.IdeaTestRunner$Repeater.startRunnerWithArgs(IdeaTestRunner.java:47)\r\n\tat com.intellij.rt.execution.junit.JUnitStarter.prepareStreamsAndStart(JUnitStarter.java:242)\r\n\tat com.intellij.rt.execution.junit.JUnitStarter.main(JUnitStarter.java:70)\r\nCaused by: java.lang.reflect.InvocationTargetException\r\n\tat sun.reflect.NativeConstructorAccessorImpl.newInstance0(Native Method)\r\n\tat sun.reflect.NativeConstructorAccessorImpl.newInstance(NativeConstructorAccessorImpl.java:62)\r\n\tat sun.reflect.DelegatingConstructorAccessorImpl.newInstance(DelegatingConstructorAccessorImpl.java:45)\r\n\tat java.lang.reflect.Constructor.newInstance(Constructor.java:423)\r\n\tat cucumber.runtime.java.DefaultJavaObjectFactory.cacheNewInstance(DefaultJavaObjectFactory.java:41)\r\n\t... 34 more\r\nCaused by: org.openqa.selenium.WebDriverException: unknown error: cannot find Opera binary\n  (Driver info: OperaDriver=76.0.3809.132 (fd1acc410994a7a68ac25bc77513d443f3130860-refs/branch-heads/3809@{#1035}),platform=Windows NT 10.0.18362 x86_64) (WARNING: The server did not provide any stacktrace information)\nCommand duration or timeout: 284 milliseconds\nBuild info: version: '3.141.59', revision: 'e82be7d358', time: '2018-11-14T08:17:03'\nSystem info: host: 'EPUAVINW0328', ip: '10.24.160.133', os.name: 'Windows 10', os.arch: 'amd64', os.version: '10.0', java.version: '1.8.0_211'\nDriver info: driver.version: OperaDriver\r\n\tat sun.reflect.NativeConstructorAccessorImpl.newInstance0(Native Method)\r\n\tat sun.reflect.NativeConstructorAccessorImpl.newInstance(NativeConstructorAccessorImpl.java:62)\r\n\tat sun.reflect.DelegatingConstructorAccessorImpl.newInstance(DelegatingConstructorAccessorImpl.java:45)\r\n\tat java.lang.reflect.Constructor.newInstance(Constructor.java:423)\r\n\tat org.openqa.selenium.remote.ErrorHandler.createThrowable(ErrorHandler.java:214)\r\n\tat org.openqa.selenium.remote.ErrorHandler.throwIfResponseFailed(ErrorHandler.java:166)\r\n\tat org.openqa.selenium.remote.JsonWireProtocolResponse.lambda$errorHandler$0(JsonWireProtocolResponse.java:54)\r\n\tat org.openqa.selenium.remote.HandshakeResponse.lambda$getResponseFunction$0(HandshakeResponse.java:30)\r\n\tat org.openqa.selenium.remote.ProtocolHandshake.lambda$createSession$0(ProtocolHandshake.java:126)\r\n\tat java.util.stream.ReferencePipeline$3$1.accept(ReferencePipeline.java:193)\r\n\tat java.util.Spliterators$ArraySpliterator.tryAdvance(Spliterators.java:958)\r\n\tat java.util.stream.ReferencePipeline.forEachWithCancel(ReferencePipeline.java:126)\r\n\tat java.util.stream.AbstractPipeline.copyIntoWithCancel(AbstractPipeline.java:498)\r\n\tat java.util.stream.AbstractPipeline.copyInto(AbstractPipeline.java:485)\r\n\tat java.util.stream.AbstractPipeline.wrapAndCopyInto(AbstractPipeline.java:471)\r\n\tat java.util.stream.FindOps$FindOp.evaluateSequential(FindOps.java:152)\r\n\tat java.util.stream.AbstractPipeline.evaluate(AbstractPipeline.java:234)\r\n\tat java.util.stream.ReferencePipeline.findFirst(ReferencePipeline.java:464)\r\n\tat org.openqa.selenium.remote.ProtocolHandshake.createSession(ProtocolHandshake.java:128)\r\n\tat org.openqa.selenium.remote.ProtocolHandshake.createSession(ProtocolHandshake.java:74)\r\n\tat org.openqa.selenium.remote.HttpCommandExecutor.execute(HttpCommandExecutor.java:136)\r\n\tat org.openqa.selenium.remote.service.DriverCommandExecutor.execute(DriverCommandExecutor.java:83)\r\n\tat org.openqa.selenium.remote.RemoteWebDriver.execute(RemoteWebDriver.java:552)\r\n\tat org.openqa.selenium.remote.RemoteWebDriver.startSession(RemoteWebDriver.java:213)\r\n\tat org.openqa.selenium.remote.RemoteWebDriver.<init>(RemoteWebDriver.java:131)\r\n\tat org.openqa.selenium.opera.OperaDriver.<init>(OperaDriver.java:173)\r\n\tat org.openqa.selenium.opera.OperaDriver.<init>(OperaDriver.java:160)\r\n\tat org.openqa.selenium.opera.OperaDriver.<init>(OperaDriver.java:115)\r\n\tat utils.DriverManager.<init>(DriverManager.java:28)\r\n\tat utils.DriverManager.getDriver(DriverManager.java:40)\r\n\tat pageObjects.AbstractClass.<init>(AbstractClass.java:8)\r\n\tat pageObjects.GoogleTranslatePage.<init>(GoogleTranslatePage.java:9)\r\n\tat cucumberTests.GoogleTranslateDefinition.<init>(GoogleTranslateDefinition.java:11)\r\n\t... 39 more\r\n"},"stage":"finished","start":1568291737389,"stop":1568291749566,"steps":[{"name":"Given  the user is on the google translate page","status":"failed","stage":"finished","start":1568291737395,"stop":1568291749541},{"name":"And  selected languages from 'английский' to 'украинский'","status":"skipped","stage":"finished","start":1568291749547,"stop":1568291749547},{"name":"When  the user looks up the translation of the word 'apple'","status":"skipped","stage":"finished","start":1568291749549,"stop":1568291749549},{"name":"Then  they should see the translation 'яблуко'","status":"skipped","stage":"finished","start":1568291749554,"stop":1568291749555}]}