{"uuid":"891e30c6-4ee8-40a9-8ebf-3fd285cf7d76","historyId":"bab698596958b68f1825532213bfe5e8","labels":[{"name":"feature","value":"Google Translate Tests"},{"name":"story","value":"Check the number of characters entered"},{"name":"host","value":"EPUAVINW0328"},{"name":"package","value":"Google Translate Tests"},{"name":"suite","value":"Google Translate Tests"},{"name":"testClass","value":"Check the number of characters entered"},{"name":"thread","value":"19944@EPUAVINW0328.main(1)"}],"links":[],"name":"Check the number of characters entered","status":"failed","statusDetails":{"known":false,"muted":false,"flaky":false,"message":"Failed to instantiate class cucumberTests.GoogleTranslateDefinition","trace":"cucumber.runtime.CucumberException: Failed to instantiate class cucumberTests.GoogleTranslateDefinition\r\n\tat cucumber.runtime.java.DefaultJavaObjectFactory.cacheNewInstance(DefaultJavaObjectFactory.java:47)\r\n\tat cucumber.runtime.java.DefaultJavaObjectFactory.getInstance(DefaultJavaObjectFactory.java:33)\r\n\tat cucumber.runtime.java.JavaStepDefinition.execute(JavaStepDefinition.java:48)\r\n\tat cucumber.runtime.PickleStepDefinitionMatch.runStep(PickleStepDefinitionMatch.java:50)\r\n\tat cucumber.runner.TestStep.executeStep(TestStep.java:55)\r\n\tat cucumber.runner.TestStep.run(TestStep.java:42)\r\n\tat cucumber.runner.PickleStepTestStep.run(PickleStepTestStep.java:53)\r\n\tat cucumber.runner.TestCase.run(TestCase.java:47)\r\n\tat cucumber.runner.Runner.runPickle(Runner.java:44)\r\n\tat cucumber.runtime.junit.PickleRunners$NoStepDescriptions.run(PickleRunners.java:140)\r\n\tat cucumber.runtime.junit.FeatureRunner.runChild(FeatureRunner.java:68)\r\n\tat cucumber.runtime.junit.FeatureRunner.runChild(FeatureRunner.java:23)\r\n\tat org.junit.runners.ParentRunner$4.run(ParentRunner.java:330)\r\n\tat org.junit.runners.ParentRunner$1.schedule(ParentRunner.java:78)\r\n\tat org.junit.runners.ParentRunner.runChildren(ParentRunner.java:328)\r\n\tat org.junit.runners.ParentRunner.access$100(ParentRunner.java:65)\r\n\tat org.junit.runners.ParentRunner$2.evaluate(ParentRunner.java:292)\r\n\tat org.junit.runners.ParentRunner$3.evaluate(ParentRunner.java:305)\r\n\tat org.junit.runners.ParentRunner.run(ParentRunner.java:412)\r\n\tat cucumber.runtime.junit.FeatureRunner.run(FeatureRunner.java:73)\r\n\tat cucumber.api.junit.Cucumber.runChild(Cucumber.java:98)\r\n\tat cucumber.api.junit.Cucumber.runChild(Cucumber.java:55)\r\n\tat org.junit.runners.ParentRunner$4.run(ParentRunner.java:330)\r\n\tat org.junit.runners.ParentRunner$1.schedule(ParentRunner.java:78)\r\n\tat org.junit.runners.ParentRunner.runChildren(ParentRunner.java:328)\r\n\tat org.junit.runners.ParentRunner.access$100(ParentRunner.java:65)\r\n\tat org.junit.runners.ParentRunner$2.evaluate(ParentRunner.java:292)\r\n\tat cucumber.api.junit.Cucumber$1.evaluate(Cucumber.java:107)\r\n\tat org.junit.runners.ParentRunner$3.evaluate(ParentRunner.java:305)\r\n\tat org.junit.runners.ParentRunner.run(ParentRunner.java:412)\r\n\tat org.junit.runner.JUnitCore.run(JUnitCore.java:137)\r\n\tat com.intellij.junit4.JUnit4IdeaTestRunner.startRunnerWithArgs(JUnit4IdeaTestRunner.java:68)\r\n\tat com.intellij.rt.execution.junit.IdeaTestRunner$Repeater.startRunnerWithArgs(IdeaTestRunner.java:47)\r\n\tat com.intellij.rt.execution.junit.JUnitStarter.prepareStreamsAndStart(JUnitStarter.java:242)\r\n\tat com.intellij.rt.execution.junit.JUnitStarter.main(JUnitStarter.java:70)\r\nCaused by: java.lang.reflect.InvocationTargetException\r\n\tat sun.reflect.NativeConstructorAccessorImpl.newInstance0(Native Method)\r\n\tat sun.reflect.NativeConstructorAccessorImpl.newInstance(NativeConstructorAccessorImpl.java:62)\r\n\tat sun.reflect.DelegatingConstructorAccessorImpl.newInstance(DelegatingConstructorAccessorImpl.java:45)\r\n\tat java.lang.reflect.Constructor.newInstance(Constructor.java:423)\r\n\tat cucumber.runtime.java.DefaultJavaObjectFactory.cacheNewInstance(DefaultJavaObjectFactory.java:41)\r\n\t... 34 more\r\nCaused by: org.openqa.selenium.NoSuchElementException: Unable to locate element: //span[@class='tlid-translation translation']//span\nFor documentation on this error, please visit: https://www.seleniumhq.org/exceptions/no_such_element.html\nBuild info: version: '3.141.59', revision: 'e82be7d358', time: '2018-11-14T08:17:03'\nSystem info: host: 'EPUAVINW0328', ip: '10.24.160.133', os.name: 'Windows 10', os.arch: 'amd64', os.version: '10.0', java.version: '1.8.0_211'\nDriver info: org.openqa.selenium.firefox.FirefoxDriver\nCapabilities {acceptInsecureCerts: true, browserName: firefox, browserVersion: 67.0, javascriptEnabled: true, moz:accessibilityChecks: false, moz:buildID: 20190516215225, moz:geckodriverVersion: 0.25.0, moz:headless: false, moz:processID: 16804, moz:profile: C:\\Users\\Yevhen_Obodianskyi..., moz:shutdownTimeout: 60000, moz:useNonSpecCompliantPointerOrigin: false, moz:webdriverClick: true, pageLoadStrategy: normal, platform: WINDOWS, platformName: WINDOWS, platformVersion: 10.0, rotatable: false, setWindowRect: true, strictFileInteractability: false, timeouts: {implicit: 0, pageLoad: 300000, script: 30000}, unhandledPromptBehavior: dismiss and notify}\nSession ID: bebe012f-730e-4c79-93f9-4012c8e8d563\n*** Element info: {Using=xpath, value=//span[@class='tlid-translation translation']//span}\r\n\tat sun.reflect.NativeConstructorAccessorImpl.newInstance0(Native Method)\r\n\tat sun.reflect.NativeConstructorAccessorImpl.newInstance(NativeConstructorAccessorImpl.java:62)\r\n\tat sun.reflect.DelegatingConstructorAccessorImpl.newInstance(DelegatingConstructorAccessorImpl.java:45)\r\n\tat java.lang.reflect.Constructor.newInstance(Constructor.java:423)\r\n\tat org.openqa.selenium.remote.http.W3CHttpResponseCodec.createException(W3CHttpResponseCodec.java:187)\r\n\tat org.openqa.selenium.remote.http.W3CHttpResponseCodec.decode(W3CHttpResponseCodec.java:122)\r\n\tat org.openqa.selenium.remote.http.W3CHttpResponseCodec.decode(W3CHttpResponseCodec.java:49)\r\n\tat org.openqa.selenium.remote.HttpCommandExecutor.execute(HttpCommandExecutor.java:158)\r\n\tat org.openqa.selenium.remote.service.DriverCommandExecutor.execute(DriverCommandExecutor.java:83)\r\n\tat org.openqa.selenium.remote.RemoteWebDriver.execute(RemoteWebDriver.java:552)\r\n\tat org.openqa.selenium.remote.RemoteWebDriver.findElement(RemoteWebDriver.java:323)\r\n\tat org.openqa.selenium.remote.RemoteWebDriver.findElementByXPath(RemoteWebDriver.java:428)\r\n\tat org.openqa.selenium.By$ByXPath.findElement(By.java:353)\r\n\tat org.openqa.selenium.remote.RemoteWebDriver.findElement(RemoteWebDriver.java:315)\r\n\tat pageObjects.GoogleTranslatePage.<init>(GoogleTranslatePage.java:20)\r\n\tat cucumberTests.GoogleTranslateDefinition.<init>(GoogleTranslateDefinition.java:11)\r\n\t... 39 more\r\n"},"stage":"finished","start":1568291374519,"stop":1568291384558,"steps":[{"name":"Given  the user is on the google translate page","status":"failed","stage":"finished","start":1568291374520,"stop":1568291384549},{"name":"And  selected languages from 'английский' to 'украинский'","status":"skipped","stage":"finished","start":1568291384553,"stop":1568291384555},{"name":"When  the user looks up the translation of the word 'apple'","status":"skipped","stage":"finished","start":1568291384555,"stop":1568291384556},{"name":"Then  number of characters must be '5'.","status":"skipped","stage":"finished","start":1568291384557,"stop":1568291384557}]}